<?xml version="1.0" encoding="UTF-8" ?>
<testsuite tests="1" failures="0" name="RunCucumberTest" time="0.157" errors="1" skipped="0">
  <properties>
[...]
</properties>
  <testcase classname="Ordering drinks" name="Creating an empty order" time="0.157">
    <error message="The step &apos;Romeo who wants to create an Order&apos; and 2 other step(s) are undefined.
You can implement these steps using the snippet(s) below:

@Given(&quot;Romeo who wants to create an Order&quot;)
public void romeo_who_wants_to_create_an_order() {
    // Write code here that turns the phrase above into concrete actions
    throw new io.cucumber.java.PendingException();
}
@When(&quot;Juliet is declared as recipient&quot;)
public void juliet_is_declared_as_recipient() {
    // Write code here that turns the phrase above into concrete actions
    throw new io.cucumber.java.PendingException();
}
@Then(&quot;the order does not contain any drinks&quot;)
public void the_order_does_not_contain_any_drinks() {
    // Write code here that turns the phrase above into concrete actions
    throw new io.cucumber.java.PendingException();
}
" type="io.cucumber.junit.UndefinedStepException">io.cucumber.junit.UndefinedStepException: The step &apos;Romeo who wants to create an Order&apos; and 2 other step(s) are undefined.
You can implement these steps using the snippet(s) below:

@Given(&quot;Romeo who wants to create an Order&quot;)
public void romeo_who_wants_to_create_an_order() {
    // Write code here that turns the phrase above into concrete actions
    throw new io.cucumber.java.PendingException();
}
@When(&quot;Juliet is declared as recipient&quot;)
public void juliet_is_declared_as_recipient() {
    // Write code here that turns the phrase above into concrete actions
    throw new io.cucumber.java.PendingException();
}
@Then(&quot;the order does not contain any drinks&quot;)
public void the_order_does_not_contain_any_drinks() {
    // Write code here that turns the phrase above into concrete actions
    throw new io.cucumber.java.PendingException();
}

</error>
    <system-out>
Scenario: Creating an empty order            &amp;#27;[90m# ordering.feature:3&amp;#27;[0m
  &amp;#27;[33mGiven &amp;#27;[0m&amp;#27;[33mRomeo who wants to create an Order&amp;#27;[0m   &amp;#27;[90m# null&amp;#27;[0m
  &amp;#27;[36mWhen &amp;#27;[0m&amp;#27;[36mJuliet is declared as recipient&amp;#27;[0m       &amp;#27;[90m# null&amp;#27;[0m
  &amp;#27;[36mThen &amp;#27;[0m&amp;#27;[36mthe order does not contain any drinks&amp;#27;[0m &amp;#27;[90m# null&amp;#27;[0m
</system-out>
  </testcase>
</testsuite>